# Logfile created on 2013-04-29 16:17:49 +0530 by logger.rb/31641
Compiled jquery_ujs.js  (0ms)  (pid 4672)
Compiled application.js  (45ms)  (pid 4672)
Compiled style.css  (0ms)  (pid 4672)
Served asset /jquery.js - 200 OK (8ms)
Served asset /application.js - 200 OK (17ms)
Served asset /jquery_ujs.js - 304 Not Modified (10ms)
Served asset /flexslider.css - 200 OK (2ms)
Served asset /reset.css - 200 OK (3ms)
Served asset /layout.css - 200 OK (2ms)
Served asset /style.css - 200 OK (3ms)
Served asset /zebra_datepicker.css - 200 OK (2ms)
Served asset /pagination.css - 200 OK (19ms)
Served asset /basic.css - 200 OK (24ms)
Served asset /jquery.min.js - 200 OK (2ms)
Served asset /jquery.flexslider-min.js - 200 OK (2ms)
Served asset /zebra_datepicker.js - 200 OK (8ms)
Compiled functions.js  (0ms)  (pid 4672)
Served asset /functions.js - 200 OK (24ms)
Served asset /top_bg.png - 200 OK (9ms)
Served asset /logo.png - 200 OK (10ms)
Served asset /facebook.png - 200 OK (15ms)
Served asset /subscribe_bg.png - 200 OK (42ms)
Served asset /top-right-img.jpg - 200 OK (3ms)
Served asset /body_bg.png - 200 OK (23ms)
Served asset /serifabt.woff - 200 OK (12ms)
Served asset /fontscorecomggothambold.woff - 200 OK (6ms)
Served asset /twitter.png - 200 OK (8ms)
Served asset /linkedin.png - 200 OK (1ms)
Served asset /v-icon.png - 200 OK (9ms)
Served asset /rss.png - 200 OK (1ms)
Served asset /nav_bg.png - 200 OK (12ms)
Served asset /separator.png - 200 OK (11ms)
Served asset /down_arrow.png - 200 OK (4ms)
Served asset /drop_down_bg.png - 200 OK (20ms)
Served asset /search-icon.png - 200 OK (3ms)
Served asset /top_banner.jpg - 200 OK (1ms)
Served asset /banner1.jpg - 200 OK (24ms)
Served asset /banner2.jpg - 200 OK (2ms)
Served asset /banner3.jpg - 200 OK (6ms)
Served asset /find_job.png - 200 OK (6ms)
Served asset /post_job_btn.png - 200 OK (12ms)
Served asset /ad_right.jpg - 200 OK (1ms)
Served asset /footer_bg.png - 200 OK (10ms)
Served asset /bg_direction_nav.png - 200 OK (48ms)
Served asset /jquery.simplemodal.js - 200 OK (12ms)
Served asset /jquery-1.3.2.js - 200 OK (7ms)
Served asset /jquery_ujs.js - 304 Not Modified (0ms)
Served asset /jquery.paginate.js - 200 OK (2ms)
Served asset /basic.js - 200 OK (1ms)
Served asset /x.png - 200 OK (12ms)
Served asset /ad_right1.jpg - 200 OK (1ms)
Served asset /textbox_bg.png - 200 OK (2ms)
Served asset /jquery_ujs.js - 304 Not Modified (0ms)
Served asset /jobs_title_bg.png - 200 OK (18ms)
Served asset /title_bg.png - 200 OK (2ms)
Served asset /calendar.png - 200 OK (13ms)
Served asset /dotted.png - 200 OK (2ms)
Served asset /jquery_ujs.js - 304 Not Modified (0ms)
Served asset /jquery_ujs.js - 304 Not Modified (0ms)
Served asset /jquery.js - 304 Not Modified (13ms)
Served asset /style.css - 200 OK (1ms)
Served asset /flexslider.css - 200 OK (5ms)
Served asset /reset.css - 200 OK (3ms)
Served asset /layout.css - 200 OK (2ms)
Served asset /zebra_datepicker.css - 200 OK (2ms)
Served asset /basic.css - 200 OK (8ms)
Served asset /pagination.css - 200 OK (16ms)
Served asset /jquery_ujs.js - 304 Not Modified (4ms)
Served asset /jquery.min.js - 200 OK (5ms)
Served asset /jquery.flexslider-min.js - 200 OK (2ms)
Served asset /application.js - 304 Not Modified (3ms)
Served asset /zebra_datepicker.js - 200 OK (15ms)
Served asset /functions.js - 200 OK (17ms)
Served asset /top_bg.png - 200 OK (6ms)
Served asset /logo.png - 200 OK (9ms)
Served asset /top-right-img.jpg - 200 OK (9ms)
Served asset /facebook.png - 200 OK (18ms)
Served asset /subscribe_bg.png - 200 OK (17ms)
Served asset /body_bg.png - 200 OK (7ms)
Served asset /serifabt.woff - 200 OK (4ms)
Served asset /fontscorecomggothambold.woff - 200 OK (6ms)
Served asset /twitter.png - 200 OK (4ms)
Served asset /linkedin.png - 200 OK (8ms)
Served asset /v-icon.png - 200 OK (7ms)
Served asset /rss.png - 200 OK (1ms)
Served asset /nav_bg.png - 200 OK (13ms)
Served asset /separator.png - 200 OK (10ms)
Served asset /down_arrow.png - 200 OK (1ms)
Served asset /drop_down_bg.png - 200 OK (13ms)
Served asset /search-icon.png - 200 OK (1ms)
Served asset /top_banner.jpg - 200 OK (1ms)
Served asset /banner1.jpg - 200 OK (12ms)
Served asset /banner2.jpg - 200 OK (77ms)
Served asset /banner3.jpg - 200 OK (19ms)
Served asset /find_job.png - 200 OK (7ms)
Served asset /post_job_btn.png - 200 OK (12ms)
Served asset /ad_right.jpg - 200 OK (8ms)
Served asset /footer_bg.png - 200 OK (1ms)
Served asset /bg_direction_nav.png - 200 OK (16ms)
Served asset /jquery.js - 304 Not Modified (10ms)
Served asset /jquery_ujs.js - 304 Not Modified (0ms)
Served asset /application.js - 304 Not Modified (1ms)
Served asset /jquery.simplemodal.js - 200 OK (3ms)
Served asset /jquery.min.js - 304 Not Modified (0ms)
Served asset /basic.js - 200 OK (5ms)
Served asset /zebra_datepicker.js - 304 Not Modified (0ms)
Served asset /jquery.paginate.js - 200 OK (3ms)
Served asset /jquery.flexslider-min.js - 304 Not Modified (0ms)
Served asset /functions.js - 304 Not Modified (0ms)
Served asset /jquery-1.3.2.js - 200 OK (2ms)
Served asset /x.png - 200 OK (15ms)
Served asset /ad_right1.jpg - 200 OK (2ms)
Served asset /textbox_bg.png - 200 OK (3ms)
Served asset /jquery.js - 304 Not Modified (0ms)
Served asset /jquery_ujs.js - 304 Not Modified (39ms)
Served asset /zebra_datepicker.js - 304 Not Modified (1ms)
Served asset /jquery.flexslider-min.js - 304 Not Modified (0ms)
Served asset /application.js - 304 Not Modified (4ms)
Served asset /jquery.min.js - 304 Not Modified (0ms)
Served asset /functions.js - 304 Not Modified (0ms)
Served asset /jquery.simplemodal.js - 304 Not Modified (0ms)
Served asset /basic.js - 304 Not Modified (0ms)
Served asset /jquery-1.3.2.js - 304 Not Modified (0ms)
Served asset /jquery.paginate.js - 304 Not Modified (0ms)
Served asset /bg_direction_nav.png - 304 Not Modified (0ms)
Served asset /reset.css - 304 Not Modified (3ms)
Served asset /layout.css - 304 Not Modified (3ms)
Served asset /style.css - 304 Not Modified (0ms)
Served asset /flexslider.css - 304 Not Modified (0ms)
Served asset /zebra_datepicker.css - 304 Not Modified (1ms)
Served asset /pagination.css - 304 Not Modified (0ms)
Served asset /basic.css - 304 Not Modified (0ms)
Served asset /serifabt.woff - 304 Not Modified (0ms)
Served asset /top-right-img.jpg - 304 Not Modified (0ms)
Served asset /facebook.png - 304 Not Modified (0ms)
Served asset /twitter.png - 304 Not Modified (0ms)
Served asset /fontscorecomggothambold.woff - 304 Not Modified (4ms)
Served asset /linkedin.png - 304 Not Modified (3ms)
Served asset /v-icon.png - 304 Not Modified (0ms)
Served asset /rss.png - 304 Not Modified (0ms)
Served asset /banner1.jpg - 304 Not Modified (3ms)
Served asset /banner2.jpg - 304 Not Modified (1ms)
Served asset /top_banner.jpg - 304 Not Modified (1ms)
Served asset /banner3.jpg - 304 Not Modified (4ms)
Served asset /find_job.png - 304 Not Modified (0ms)
Served asset /post_job_btn.png - 304 Not Modified (2ms)
Served asset /ad_right.jpg - 304 Not Modified (0ms)
Served asset /top_bg.png - 304 Not Modified (0ms)
Served asset /body_bg.png - 304 Not Modified (0ms)
Served asset /logo.png - 304 Not Modified (4ms)
Served asset /subscribe_bg.png - 304 Not Modified (1ms)
Served asset /separator.png - 304 Not Modified (4ms)
Served asset /nav_bg.png - 304 Not Modified (0ms)
Served asset /down_arrow.png - 304 Not Modified (0ms)
Served asset /drop_down_bg.png - 304 Not Modified (0ms)
Served asset /search-icon.png - 304 Not Modified (0ms)
Served asset /footer_bg.png - 304 Not Modified (0ms)
Served asset /bg_direction_nav.png - 304 Not Modified (0ms)
Served asset /jquery.js - 304 Not Modified (6ms)
Served asset /jquery_ujs.js - 304 Not Modified (0ms)
Served asset /reset.css - 304 Not Modified (2ms)
Served asset /application.js - 304 Not Modified (6ms)
Served asset /style.css - 304 Not Modified (0ms)
Served asset /flexslider.css - 304 Not Modified (0ms)
Served asset /layout.css - 304 Not Modified (2ms)
Served asset /pagination.css - 304 Not Modified (0ms)
Served asset /zebra_datepicker.css - 304 Not Modified (3ms)
Served asset /basic.css - 304 Not Modified (0ms)
Served asset /jquery.min.js - 304 Not Modified (5ms)
Served asset /zebra_datepicker.js - 304 Not Modified (0ms)
Served asset /jquery.flexslider-min.js - 304 Not Modified (0ms)
Served asset /functions.js - 304 Not Modified (0ms)
Served asset /jquery.simplemodal.js - 304 Not Modified (0ms)
Served asset /basic.js - 304 Not Modified (2ms)
Served asset /jquery-1.3.2.js - 304 Not Modified (0ms)
Served asset /jquery.paginate.js - 304 Not Modified (0ms)
Served asset /top_bg.png - 304 Not Modified (0ms)
Served asset /body_bg.png - 304 Not Modified (0ms)
Served asset /top-right-img.jpg - 304 Not Modified (0ms)
Served asset /facebook.png - 304 Not Modified (0ms)
Served asset /logo.png - 304 Not Modified (0ms)
Served asset /subscribe_bg.png - 304 Not Modified (0ms)
Served asset /serifabt.woff - 304 Not Modified (0ms)
Served asset /twitter.png - 304 Not Modified (0ms)
Served asset /fontscorecomggothambold.woff - 304 Not Modified (4ms)
Served asset /linkedin.png - 304 Not Modified (0ms)
Served asset /v-icon.png - 304 Not Modified (0ms)
Served asset /rss.png - 304 Not Modified (0ms)
Served asset /nav_bg.png - 304 Not Modified (0ms)
Served asset /separator.png - 304 Not Modified (1ms)
Served asset /down_arrow.png - 304 Not Modified (0ms)
Served asset /drop_down_bg.png - 304 Not Modified (0ms)
Served asset /search-icon.png - 304 Not Modified (5ms)
Served asset /find_job.png - 304 Not Modified (0ms)
Served asset /top_banner.jpg - 304 Not Modified (2ms)
Served asset /post_job_btn.png - 304 Not Modified (33ms)
Served asset /x.png - 304 Not Modified (0ms)
Served asset /ad_right1.jpg - 304 Not Modified (0ms)
Served asset /ad_right.jpg - 304 Not Modified (0ms)
Served asset /textbox_bg.png - 304 Not Modified (0ms)
Served asset /footer_bg.png - 304 Not Modified (0ms)
Served asset /jquery_ujs.js - 304 Not Modified (3ms)
Served asset /application.js - 304 Not Modified (1ms)
Served asset /jquery.js - 304 Not Modified (0ms)
Served asset /reset.css - 304 Not Modified (0ms)
Served asset /layout.css - 304 Not Modified (4ms)
Served asset /style.css - 304 Not Modified (0ms)
Served asset /flexslider.css - 304 Not Modified (0ms)
Served asset /zebra_datepicker.css - 304 Not Modified (0ms)
Served asset /pagination.css - 304 Not Modified (0ms)
Served asset /basic.css - 304 Not Modified (0ms)
Served asset /jquery.min.js - 304 Not Modified (0ms)
Served asset /jquery.flexslider-min.js - 304 Not Modified (0ms)
Served asset /zebra_datepicker.js - 304 Not Modified (0ms)
Served asset /functions.js - 304 Not Modified (0ms)
Served asset /top_bg.png - 304 Not Modified (0ms)
Served asset /body_bg.png - 304 Not Modified (7ms)
Served asset /logo.png - 304 Not Modified (0ms)
Served asset /serifabt.woff - 304 Not Modified (3ms)
Served asset /fontscorecomggothambold.woff - 304 Not Modified (2ms)
Served asset /subscribe_bg.png - 304 Not Modified (6ms)
Served asset /top-right-img.jpg - 304 Not Modified (0ms)
Served asset /facebook.png - 304 Not Modified (0ms)
Served asset /twitter.png - 304 Not Modified (2ms)
Served asset /linkedin.png - 304 Not Modified (3ms)
Served asset /v-icon.png - 304 Not Modified (0ms)
Served asset /rss.png - 304 Not Modified (0ms)
Served asset /separator.png - 304 Not Modified (2ms)
Served asset /down_arrow.png - 304 Not Modified (0ms)
Served asset /nav_bg.png - 304 Not Modified (0ms)
Served asset /drop_down_bg.png - 304 Not Modified (0ms)
Served asset /search-icon.png - 304 Not Modified (0ms)
Served asset /banner3.jpg - 304 Not Modified (2ms)
Served asset /banner1.jpg - 304 Not Modified (0ms)
Served asset /banner2.jpg - 304 Not Modified (6ms)
Served asset /top_banner.jpg - 304 Not Modified (0ms)
Served asset /find_job.png - 304 Not Modified (0ms)
Served asset /post_job_btn.png - 304 Not Modified (0ms)
Served asset /ad_right.jpg - 304 Not Modified (0ms)
Served asset /footer_bg.png - 304 Not Modified (0ms)
Served asset /bg_direction_nav.png - 304 Not Modified (0ms)
Served asset /jquery.js - 304 Not Modified (2ms)
Served asset /jquery_ujs.js - 304 Not Modified (0ms)
Served asset /reset.css - 304 Not Modified (0ms)
Served asset /application.js - 304 Not Modified (5ms)
Served asset /layout.css - 304 Not Modified (3ms)
Served asset /style.css - 304 Not Modified (0ms)
Served asset /flexslider.css - 304 Not Modified (0ms)
Served asset /zebra_datepicker.css - 304 Not Modified (0ms)
Served asset /pagination.css - 304 Not Modified (0ms)
Served asset /basic.css - 304 Not Modified (4ms)
Served asset /jquery.min.js - 304 Not Modified (0ms)
Served asset /jquery.flexslider-min.js - 304 Not Modified (0ms)
Served asset /zebra_datepicker.js - 304 Not Modified (0ms)
Served asset /functions.js - 304 Not Modified (0ms)
Served asset /top_bg.png - 304 Not Modified (2ms)
Served asset /top-right-img.jpg - 304 Not Modified (1ms)
Served asset /body_bg.png - 304 Not Modified (0ms)
Served asset /logo.png - 304 Not Modified (0ms)
Served asset /facebook.png - 304 Not Modified (0ms)
Served asset /subscribe_bg.png - 304 Not Modified (0ms)
Served asset /serifabt.woff - 304 Not Modified (2ms)
Served asset /fontscorecomggothambold.woff - 304 Not Modified (0ms)
Served asset /twitter.png - 304 Not Modified (1ms)
Served asset /linkedin.png - 304 Not Modified (0ms)
Served asset /v-icon.png - 304 Not Modified (0ms)
Served asset /rss.png - 304 Not Modified (0ms)
Served asset /nav_bg.png - 304 Not Modified (1ms)
Served asset /separator.png - 304 Not Modified (2ms)
Served asset /down_arrow.png - 304 Not Modified (0ms)
Served asset /drop_down_bg.png - 304 Not Modified (0ms)
Served asset /search-icon.png - 304 Not Modified (0ms)
Served asset /top_banner.jpg - 304 Not Modified (1ms)
Served asset /banner1.jpg - 304 Not Modified (2ms)
Served asset /banner3.jpg - 304 Not Modified (2ms)
Served asset /banner2.jpg - 304 Not Modified (0ms)
Served asset /find_job.png - 304 Not Modified (0ms)
Served asset /post_job_btn.png - 304 Not Modified (0ms)
Served asset /ad_right.jpg - 304 Not Modified (0ms)
Served asset /footer_bg.png - 304 Not Modified (0ms)
Served asset /bg_direction_nav.png - 304 Not Modified (0ms)
Served asset /style.css - 304 Not Modified (0ms)
Served asset /zebra_datepicker.css - 304 Not Modified (1ms)
Served asset /reset.css - 304 Not Modified (0ms)
Served asset /flexslider.css - 304 Not Modified (1ms)
Served asset /pagination.css - 304 Not Modified (0ms)
Served asset /layout.css - 304 Not Modified (0ms)
Served asset /basic.css - 304 Not Modified (0ms)
Served asset /jquery.js - 304 Not Modified (2ms)
Served asset /jquery_ujs.js - 304 Not Modified (0ms)
Served asset /application.js - 304 Not Modified (4ms)
Served asset /jquery.min.js - 304 Not Modified (0ms)
Served asset /jquery.simplemodal.js - 304 Not Modified (3ms)
Served asset /zebra_datepicker.js - 304 Not Modified (0ms)
Served asset /functions.js - 304 Not Modified (0ms)
Served asset /jquery.flexslider-min.js - 304 Not Modified (0ms)
Served asset /basic.js - 304 Not Modified (0ms)
Served asset /jquery-1.3.2.js - 304 Not Modified (0ms)
Served asset /jquery.paginate.js - 304 Not Modified (0ms)
Served asset /twitter.png - 304 Not Modified (0ms)
Served asset /facebook.png - 304 Not Modified (0ms)
Served asset /v-icon.png - 304 Not Modified (4ms)
Served asset /linkedin.png - 304 Not Modified (0ms)
Served asset /rss.png - 304 Not Modified (0ms)
Served asset /top-right-img.jpg - 304 Not Modified (0ms)
Served asset /top_banner.jpg - 304 Not Modified (2ms)
Served asset /x.png - 304 Not Modified (0ms)
Served asset /post_job_btn.png - 304 Not Modified (0ms)
Served asset /find_job.png - 304 Not Modified (0ms)
Served asset /ad_right.jpg - 304 Not Modified (0ms)
Served asset /ad_right1.jpg - 304 Not Modified (0ms)
Served asset /textbox_bg.png - 304 Not Modified (0ms)
Served asset /reset.css - 304 Not Modified (0ms)
Served asset /jquery_ujs.js - 304 Not Modified (1ms)
Served asset /application.js - 304 Not Modified (2ms)
Served asset /layout.css - 304 Not Modified (0ms)
Served asset /style.css - 304 Not Modified (0ms)
Served asset /jquery.js - 304 Not Modified (2ms)
Served asset /flexslider.css - 304 Not Modified (0ms)
Served asset /zebra_datepicker.css - 304 Not Modified (0ms)
Served asset /pagination.css - 304 Not Modified (4ms)
Served asset /basic.css - 304 Not Modified (0ms)
Served asset /jquery.min.js - 304 Not Modified (2ms)
Served asset /jquery.flexslider-min.js - 304 Not Modified (1ms)
Served asset /zebra_datepicker.js - 304 Not Modified (4ms)
Served asset /functions.js - 304 Not Modified (0ms)
Served asset /jquery.simplemodal.js - 304 Not Modified (0ms)
Served asset /basic.js - 304 Not Modified (0ms)
Served asset /jquery-1.3.2.js - 304 Not Modified (0ms)
Served asset /jquery.paginate.js - 304 Not Modified (0ms)
Served asset /top-right-img.jpg - 304 Not Modified (6ms)
Served asset /twitter.png - 304 Not Modified (0ms)
Served asset /facebook.png - 304 Not Modified (0ms)
Served asset /linkedin.png - 304 Not Modified (0ms)
Served asset /rss.png - 304 Not Modified (0ms)
Served asset /v-icon.png - 304 Not Modified (1ms)
Served asset /top_banner.jpg - 304 Not Modified (3ms)
Served asset /x.png - 304 Not Modified (0ms)
Served asset /find_job.png - 304 Not Modified (0ms)
Served asset /post_job_btn.png - 304 Not Modified (0ms)
Served asset /ad_right.jpg - 304 Not Modified (0ms)
Served asset /ad_right1.jpg - 304 Not Modified (0ms)
Served asset /reset.css - 304 Not Modified (2ms)
Served asset /layout.css - 304 Not Modified (1ms)
Served asset /style.css - 304 Not Modified (0ms)
Served asset /zebra_datepicker.css - 304 Not Modified (0ms)
Served asset /flexslider.css - 304 Not Modified (0ms)
Served asset /pagination.css - 304 Not Modified (3ms)
Served asset /basic.css - 304 Not Modified (0ms)
Served asset /jquery.js - 304 Not Modified (0ms)
Served asset /jquery_ujs.js - 304 Not Modified (2ms)
Served asset /application.js - 304 Not Modified (5ms)
Served asset /jquery.min.js - 304 Not Modified (0ms)
Served asset /jquery.flexslider-min.js - 304 Not Modified (0ms)
Served asset /zebra_datepicker.js - 304 Not Modified (2ms)
Served asset /functions.js - 304 Not Modified (0ms)
Served asset /jquery.simplemodal.js - 304 Not Modified (0ms)
Served asset /basic.js - 304 Not Modified (0ms)
Served asset /jquery-1.3.2.js - 304 Not Modified (0ms)
Served asset /jquery.paginate.js - 304 Not Modified (0ms)
Served asset /top-right-img.jpg - 304 Not Modified (3ms)
Served asset /facebook.png - 304 Not Modified (2ms)
Served asset /linkedin.png - 304 Not Modified (0ms)
Served asset /v-icon.png - 304 Not Modified (4ms)
Served asset /twitter.png - 304 Not Modified (0ms)
Served asset /rss.png - 304 Not Modified (0ms)
Served asset /top_banner.jpg - 304 Not Modified (0ms)
Served asset /x.png - 304 Not Modified (4ms)
Served asset /find_job.png - 304 Not Modified (0ms)
Served asset /ad_right.jpg - 304 Not Modified (0ms)
Served asset /post_job_btn.png - 304 Not Modified (0ms)
Served asset /ad_right1.jpg - 304 Not Modified (0ms)
Served asset /reset.css - 304 Not Modified (5ms)
Served asset /style.css - 304 Not Modified (0ms)
Served asset /layout.css - 304 Not Modified (0ms)
Served asset /pagination.css - 304 Not Modified (0ms)
Served asset /zebra_datepicker.css - 304 Not Modified (0ms)
Served asset /flexslider.css - 304 Not Modified (0ms)
Served asset /basic.css - 304 Not Modified (0ms)
Served asset /jquery_ujs.js - 304 Not Modified (0ms)
Served asset /jquery.js - 304 Not Modified (0ms)
Served asset /application.js - 304 Not Modified (7ms)
Served asset /jquery.flexslider-min.js - 304 Not Modified (0ms)
Served asset /functions.js - 304 Not Modified (0ms)
Served asset /zebra_datepicker.js - 304 Not Modified (0ms)
Served asset /jquery.min.js - 304 Not Modified (0ms)
Served asset /jquery.simplemodal.js - 304 Not Modified (0ms)
Served asset /basic.js - 304 Not Modified (0ms)
Served asset /jquery.paginate.js - 304 Not Modified (0ms)
Served asset /jquery-1.3.2.js - 304 Not Modified (1ms)
Served asset /top-right-img.jpg - 304 Not Modified (2ms)
Served asset /twitter.png - 304 Not Modified (0ms)
Served asset /v-icon.png - 304 Not Modified (0ms)
Served asset /linkedin.png - 304 Not Modified (0ms)
Served asset /facebook.png - 304 Not Modified (0ms)
Served asset /rss.png - 304 Not Modified (0ms)
Served asset /top_banner.jpg - 304 Not Modified (2ms)
Served asset /x.png - 304 Not Modified (0ms)
Served asset /find_job.png - 304 Not Modified (0ms)
Served asset /post_job_btn.png - 304 Not Modified (0ms)
Served asset /ad_right.jpg - 304 Not Modified (0ms)
Served asset /ad_right1.jpg - 304 Not Modified (0ms)
Served asset /layout.css - 304 Not Modified (0ms)
Served asset /flexslider.css - 304 Not Modified (1ms)
Served asset /zebra_datepicker.css - 304 Not Modified (0ms)
Served asset /reset.css - 304 Not Modified (0ms)
Served asset /pagination.css - 304 Not Modified (0ms)
Served asset /style.css - 304 Not Modified (0ms)
Served asset /basic.css - 304 Not Modified (0ms)
Served asset /jquery.js - 304 Not Modified (52ms)
Served asset /jquery_ujs.js - 304 Not Modified (0ms)
Served asset /application.js - 304 Not Modified (1ms)
Served asset /jquery.min.js - 304 Not Modified (0ms)
Served asset /jquery.flexslider-min.js - 304 Not Modified (2ms)
Served asset /zebra_datepicker.js - 304 Not Modified (0ms)
Served asset /functions.js - 304 Not Modified (0ms)
Served asset /facebook.png - 304 Not Modified (0ms)
Served asset /top-right-img.jpg - 304 Not Modified (6ms)
Served asset /twitter.png - 304 Not Modified (2ms)
Served asset /linkedin.png - 304 Not Modified (0ms)
Served asset /rss.png - 304 Not Modified (2ms)
Served asset /v-icon.png - 304 Not Modified (0ms)
Served asset /top_banner.jpg - 304 Not Modified (0ms)
Served asset /banner1.jpg - 304 Not Modified (0ms)
Served asset /banner2.jpg - 304 Not Modified (4ms)
Served asset /post_job_btn.png - 304 Not Modified (0ms)
Served asset /find_job.png - 304 Not Modified (0ms)
Served asset /banner3.jpg - 304 Not Modified (0ms)
Served asset /ad_right.jpg - 304 Not Modified (0ms)
Served asset /jquery_ujs.js - 304 Not Modified (16ms)
Served asset /reset.css - 304 Not Modified (2ms)
Served asset /jquery.js - 304 Not Modified (6ms)
Served asset /layout.css - 304 Not Modified (3ms)
Served asset /application.js - 304 Not Modified (7ms)
Served asset /style.css - 304 Not Modified (4ms)
Served asset /flexslider.css - 304 Not Modified (3ms)
Served asset /zebra_datepicker.css - 304 Not Modified (2ms)
Served asset /basic.css - 304 Not Modified (26ms)
Served asset /pagination.css - 304 Not Modified (17ms)
Served asset /jquery.min.js - 304 Not Modified (2ms)
Served asset /zebra_datepicker.js - 304 Not Modified (29ms)
Served asset /jquery.flexslider-min.js - 304 Not Modified (1ms)
Served asset /functions.js - 304 Not Modified (12ms)
Served asset /top_bg.png - 304 Not Modified (5ms)
Served asset /body_bg.png - 304 Not Modified (21ms)
Served asset /top-right-img.jpg - 304 Not Modified (2ms)
Served asset /facebook.png - 304 Not Modified (17ms)
Served asset /logo.png - 304 Not Modified (6ms)
Served asset /subscribe_bg.png - 304 Not Modified (22ms)
Served asset /serifabt.woff - 304 Not Modified (26ms)
Served asset /fontscorecomggothambold.woff - 304 Not Modified (4ms)
Served asset /twitter.png - 304 Not Modified (2ms)
Served asset /linkedin.png - 304 Not Modified (23ms)
Served asset /v-icon.png - 304 Not Modified (7ms)
Served asset /rss.png - 304 Not Modified (1ms)
Served asset /nav_bg.png - 304 Not Modified (4ms)
Served asset /separator.png - 304 Not Modified (9ms)
Served asset /down_arrow.png - 304 Not Modified (1ms)
Served asset /drop_down_bg.png - 304 Not Modified (15ms)
Served asset /top_banner.jpg - 304 Not Modified (1ms)
Served asset /banner1.jpg - 304 Not Modified (35ms)
Served asset /banner2.jpg - 304 Not Modified (5ms)
Served asset /post_job_btn.png - 304 Not Modified (14ms)
Served asset /ad_right.jpg - 304 Not Modified (8ms)
Served asset /footer_bg.png - 304 Not Modified (1ms)
Served asset /search-icon.png - 304 Not Modified (2ms)
Served asset /banner3.jpg - 304 Not Modified (10ms)
Served asset /find_job.png - 304 Not Modified (25ms)
Served asset /bg_direction_nav.png - 304 Not Modified (24ms)
Served asset /jquery.js - 304 Not Modified (7ms)
Served asset /application.js - 304 Not Modified (3ms)
Served asset /layout.css - 304 Not Modified (0ms)
Served asset /reset.css - 304 Not Modified (0ms)
Served asset /jquery_ujs.js - 304 Not Modified (0ms)
Served asset /style.css - 304 Not Modified (0ms)
Served asset /flexslider.css - 304 Not Modified (0ms)
Served asset /zebra_datepicker.css - 304 Not Modified (0ms)
Served asset /pagination.css - 304 Not Modified (1ms)
Served asset /basic.css - 304 Not Modified (0ms)
Served asset /jquery.min.js - 304 Not Modified (2ms)
Served asset /jquery.flexslider-min.js - 304 Not Modified (2ms)
Served asset /zebra_datepicker.js - 304 Not Modified (4ms)
Served asset /jquery.simplemodal.js - 304 Not Modified (2ms)
Served asset /functions.js - 304 Not Modified (0ms)
Served asset /basic.js - 304 Not Modified (1ms)
Served asset /jquery-1.3.2.js - 304 Not Modified (2ms)
Served asset /jquery.paginate.js - 304 Not Modified (1ms)
Served asset /top-right-img.jpg - 304 Not Modified (3ms)
Served asset /twitter.png - 304 Not Modified (3ms)
Served asset /facebook.png - 304 Not Modified (0ms)
Served asset /v-icon.png - 304 Not Modified (0ms)
Served asset /rss.png - 304 Not Modified (1ms)
Served asset /linkedin.png - 304 Not Modified (0ms)
Served asset /top_banner.jpg - 304 Not Modified (0ms)
Served asset /x.png - 304 Not Modified (4ms)
Served asset /ad_right.jpg - 304 Not Modified (0ms)
Served asset /find_job.png - 304 Not Modified (0ms)
Served asset /post_job_btn.png - 304 Not Modified (0ms)
Served asset /ad_right1.jpg - 304 Not Modified (1ms)
Served asset /textbox_bg.png - 304 Not Modified (2ms)
Served asset /jquery.js - 304 Not Modified (10ms)
Served asset /jquery_ujs.js - 304 Not Modified (4ms)
Served asset /reset.css - 304 Not Modified (1ms)
Served asset /style.css - 304 Not Modified (2ms)
Served asset /application.js - 304 Not Modified (7ms)
Served asset /layout.css - 304 Not Modified (2ms)
Served asset /flexslider.css - 304 Not Modified (2ms)
Served asset /zebra_datepicker.css - 304 Not Modified (5ms)
Served asset /pagination.css - 304 Not Modified (12ms)
Served asset /basic.css - 304 Not Modified (21ms)
Served asset /jquery.min.js - 304 Not Modified (2ms)
Served asset /zebra_datepicker.js - 304 Not Modified (37ms)
Served asset /jquery.flexslider-min.js - 304 Not Modified (1ms)
Served asset /functions.js - 304 Not Modified (4ms)
Served asset /top_bg.png - 304 Not Modified (3ms)
Served asset /body_bg.png - 304 Not Modified (16ms)
Served asset /subscribe_bg.png - 304 Not Modified (6ms)
Served asset /logo.png - 304 Not Modified (5ms)
Served asset /facebook.png - 304 Not Modified (25ms)
Served asset /serifabt.woff - 304 Not Modified (4ms)
Served asset /top-right-img.jpg - 304 Not Modified (2ms)
Served asset /fontscorecomggothambold.woff - 304 Not Modified (4ms)
Served asset /twitter.png - 304 Not Modified (2ms)
Served asset /linkedin.png - 304 Not Modified (9ms)
Served asset /v-icon.png - 304 Not Modified (1ms)
Served asset /rss.png - 304 Not Modified (3ms)
Served asset /nav_bg.png - 304 Not Modified (6ms)
Served asset /separator.png - 304 Not Modified (10ms)
Served asset /down_arrow.png - 304 Not Modified (1ms)
Served asset /drop_down_bg.png - 304 Not Modified (16ms)
Served asset /top_banner.jpg - 304 Not Modified (2ms)
Served asset /search-icon.png - 304 Not Modified (3ms)
Served asset /banner1.jpg - 304 Not Modified (14ms)
Served asset /banner2.jpg - 304 Not Modified (1ms)
Served asset /banner3.jpg - 304 Not Modified (35ms)
Served asset /find_job.png - 304 Not Modified (26ms)
Served asset /post_job_btn.png - 304 Not Modified (19ms)
Served asset /ad_right.jpg - 304 Not Modified (9ms)
Served asset /footer_bg.png - 304 Not Modified (13ms)
Served asset /bg_direction_nav.png - 304 Not Modified (15ms)
Served asset /style.css - 304 Not Modified (0ms)
Served asset /jquery_ujs.js - 304 Not Modified (0ms)
Served asset /application.js - 304 Not Modified (5ms)
Served asset /jquery.js - 304 Not Modified (0ms)
Served asset /reset.css - 304 Not Modified (0ms)
Served asset /layout.css - 304 Not Modified (5ms)
Served asset /flexslider.css - 304 Not Modified (0ms)
Served asset /zebra_datepicker.css - 304 Not Modified (2ms)
Served asset /pagination.css - 304 Not Modified (0ms)
Served asset /jquery.min.js - 304 Not Modified (40ms)
Served asset /basic.css - 304 Not Modified (3ms)
Served asset /jquery.flexslider-min.js - 304 Not Modified (0ms)
Served asset /functions.js - 304 Not Modified (0ms)
Served asset /zebra_datepicker.js - 304 Not Modified (0ms)
Served asset /jquery.simplemodal.js - 304 Not Modified (3ms)
Served asset /basic.js - 304 Not Modified (2ms)
Served asset /jquery-1.3.2.js - 304 Not Modified (3ms)
Served asset /jquery.paginate.js - 304 Not Modified (2ms)
Served asset /body_bg.png - 304 Not Modified (3ms)
Served asset /top_bg.png - 304 Not Modified (0ms)
Served asset /subscribe_bg.png - 304 Not Modified (3ms)
Served asset /top-right-img.jpg - 304 Not Modified (0ms)
Served asset /logo.png - 304 Not Modified (2ms)
Served asset /facebook.png - 304 Not Modified (0ms)
Served asset /serifabt.woff - 304 Not Modified (0ms)
Served asset /fontscorecomggothambold.woff - 304 Not Modified (1ms)
Served asset /linkedin.png - 304 Not Modified (0ms)
Served asset /twitter.png - 304 Not Modified (0ms)
Served asset /v-icon.png - 304 Not Modified (0ms)
Served asset /rss.png - 304 Not Modified (0ms)
Served asset /nav_bg.png - 304 Not Modified (1ms)
Served asset /separator.png - 304 Not Modified (0ms)
Served asset /search-icon.png - 304 Not Modified (0ms)
Served asset /drop_down_bg.png - 304 Not Modified (0ms)
Served asset /down_arrow.png - 304 Not Modified (0ms)
Served asset /top_banner.jpg - 304 Not Modified (2ms)
Served asset /x.png - 304 Not Modified (1ms)
Served asset /post_job_btn.png - 304 Not Modified (0ms)
Served asset /find_job.png - 304 Not Modified (0ms)
Served asset /ad_right.jpg - 304 Not Modified (4ms)
Served asset /ad_right1.jpg - 304 Not Modified (1ms)
Served asset /footer_bg.png - 304 Not Modified (0ms)
Served asset /textbox_bg.png - 304 Not Modified (2ms)
Served asset /jquery.js - 304 Not Modified (1ms)
Served asset /reset.css - 304 Not Modified (0ms)
Served asset /layout.css - 304 Not Modified (1ms)
Served asset /style.css - 304 Not Modified (0ms)
Served asset /zebra_datepicker.css - 304 Not Modified (3ms)
Served asset /flexslider.css - 304 Not Modified (0ms)
Served asset /jquery_ujs.js - 304 Not Modified (0ms)
Served asset /basic.css - 304 Not Modified (0ms)
Served asset /pagination.css - 304 Not Modified (1ms)
Served asset /application.js - 304 Not Modified (4ms)
Served asset /jquery.min.js - 304 Not Modified (2ms)
Served asset /jquery.flexslider-min.js - 304 Not Modified (0ms)
Served asset /zebra_datepicker.js - 304 Not Modified (0ms)
Served asset /functions.js - 304 Not Modified (0ms)
Served asset /jquery.simplemodal.js - 304 Not Modified (5ms)
Served asset /basic.js - 304 Not Modified (0ms)
Served asset /jquery-1.3.2.js - 304 Not Modified (0ms)
Served asset /jquery.paginate.js - 304 Not Modified (0ms)
Served asset /facebook.png - 304 Not Modified (0ms)
Served asset /top-right-img.jpg - 304 Not Modified (3ms)
Served asset /jquery.js - 304 Not Modified (4ms)
Served asset /twitter.png - 304 Not Modified (0ms)
Served asset /linkedin.png - 304 Not Modified (0ms)
Served asset /v-icon.png - 304 Not Modified (0ms)
Served asset /rss.png - 304 Not Modified (0ms)
Served asset /top_banner.jpg - 304 Not Modified (0ms)
Served asset /x.png - 304 Not Modified (0ms)
Served asset /find_job.png - 304 Not Modified (0ms)
Served asset /post_job_btn.png - 304 Not Modified (1ms)
Served asset /ad_right.jpg - 304 Not Modified (0ms)
Served asset /ad_right1.jpg - 304 Not Modified (0ms)
Served asset /jquery.js - 304 Not Modified (0ms)
Served asset /jquery_ujs.js - 304 Not Modified (39ms)
Served asset /application.js - 304 Not Modified (3ms)
Served asset /style.css - 304 Not Modified (0ms)
Served asset /layout.css - 304 Not Modified (0ms)
Served asset /flexslider.css - 304 Not Modified (0ms)
Served asset /reset.css - 304 Not Modified (0ms)
Served asset /zebra_datepicker.css - 304 Not Modified (0ms)
Served asset /pagination.css - 304 Not Modified (0ms)
Served asset /basic.css - 304 Not Modified (0ms)
Served asset /jquery.min.js - 304 Not Modified (3ms)
Served asset /zebra_datepicker.js - 304 Not Modified (2ms)
Served asset /jquery.flexslider-min.js - 304 Not Modified (0ms)
Served asset /functions.js - 304 Not Modified (0ms)
Served asset /basic.js - 304 Not Modified (0ms)
Served asset /jquery.simplemodal.js - 304 Not Modified (0ms)
Served asset /jquery-1.3.2.js - 304 Not Modified (0ms)
Served asset /jquery.paginate.js - 304 Not Modified (0ms)
Served asset /top-right-img.jpg - 304 Not Modified (0ms)
Served asset /twitter.png - 304 Not Modified (5ms)
Served asset /facebook.png - 304 Not Modified (1ms)
Served asset /v-icon.png - 304 Not Modified (0ms)
Served asset /rss.png - 304 Not Modified (0ms)
Served asset /linkedin.png - 304 Not Modified (2ms)
Served asset /top_banner.jpg - 304 Not Modified (0ms)
Served asset /find_job.png - 304 Not Modified (0ms)
Served asset /x.png - 304 Not Modified (0ms)
Served asset /ad_right.jpg - 304 Not Modified (0ms)
Served asset /post_job_btn.png - 304 Not Modified (0ms)
Served asset /ad_right1.jpg - 304 Not Modified (0ms)
Served asset /jquery.js - 304 Not Modified (0ms)
Served asset /jquery_ujs.js - 304 Not Modified (0ms)
Served asset /application.js - 304 Not Modified (0ms)
Served asset /reset.css - 304 Not Modified (0ms)
Served asset /layout.css - 304 Not Modified (2ms)
Served asset /style.css - 304 Not Modified (0ms)
Served asset /flexslider.css - 304 Not Modified (0ms)
Served asset /zebra_datepicker.css - 304 Not Modified (0ms)
Served asset /pagination.css - 304 Not Modified (0ms)
Served asset /basic.css - 304 Not Modified (0ms)
Served asset /jquery.min.js - 304 Not Modified (6ms)
Served asset /zebra_datepicker.js - 304 Not Modified (0ms)
Served asset /functions.js - 304 Not Modified (0ms)
Served asset /jquery.simplemodal.js - 304 Not Modified (0ms)
Served asset /jquery.flexslider-min.js - 304 Not Modified (0ms)
Served asset /basic.js - 304 Not Modified (0ms)
Served asset /jquery-1.3.2.js - 304 Not Modified (0ms)
Served asset /jquery.paginate.js - 304 Not Modified (0ms)
Served asset /facebook.png - 304 Not Modified (2ms)
Served asset /top-right-img.jpg - 304 Not Modified (3ms)
Served asset /linkedin.png - 304 Not Modified (0ms)
Served asset /v-icon.png - 304 Not Modified (2ms)
Served asset /twitter.png - 304 Not Modified (0ms)
Served asset /rss.png - 304 Not Modified (4ms)
Served asset /top_banner.jpg - 304 Not Modified (3ms)
Served asset /x.png - 304 Not Modified (0ms)
Served asset /find_job.png - 304 Not Modified (0ms)
Served asset /post_job_btn.png - 304 Not Modified (0ms)
Served asset /ad_right.jpg - 304 Not Modified (0ms)
Served asset /ad_right1.jpg - 304 Not Modified (0ms)
Served asset /jquery.js - 304 Not Modified (0ms)
Served asset /jquery_ujs.js - 304 Not Modified (2ms)
Served asset /reset.css - 304 Not Modified (3ms)
Served asset /application.js - 304 Not Modified (3ms)
Served asset /layout.css - 304 Not Modified (0ms)
Served asset /style.css - 304 Not Modified (0ms)
Served asset /flexslider.css - 304 Not Modified (0ms)
Served asset /zebra_datepicker.css - 304 Not Modified (0ms)
Served asset /pagination.css - 304 Not Modified (0ms)
Served asset /basic.css - 304 Not Modified (0ms)
Served asset /jquery.min.js - 304 Not Modified (4ms)
Served asset /jquery.flexslider-min.js - 304 Not Modified (33ms)
Served asset /zebra_datepicker.js - 304 Not Modified (0ms)
Served asset /jquery.simplemodal.js - 304 Not Modified (0ms)
Served asset /basic.js - 304 Not Modified (0ms)
Served asset /functions.js - 304 Not Modified (0ms)
Served asset /jquery.paginate.js - 304 Not Modified (0ms)
Served asset /jquery-1.3.2.js - 304 Not Modified (0ms)
Served asset /top-right-img.jpg - 304 Not Modified (5ms)
Served asset /linkedin.png - 304 Not Modified (0ms)
Served asset /twitter.png - 304 Not Modified (0ms)
Served asset /v-icon.png - 304 Not Modified (0ms)
Served asset /facebook.png - 304 Not Modified (1ms)
Served asset /rss.png - 304 Not Modified (0ms)
Served asset /top_banner.jpg - 304 Not Modified (2ms)
Served asset /x.png - 304 Not Modified (0ms)
Served asset /find_job.png - 304 Not Modified (0ms)
Served asset /post_job_btn.png - 304 Not Modified (2ms)
Served asset /ad_right.jpg - 304 Not Modified (0ms)
Served asset /ad_right1.jpg - 304 Not Modified (0ms)
Served asset /jquery.js - 304 Not Modified (0ms)
Served asset /jquery_ujs.js - 304 Not Modified (0ms)
Served asset /reset.css - 304 Not Modified (0ms)
Served asset /layout.css - 304 Not Modified (3ms)
Served asset /flexslider.css - 304 Not Modified (3ms)
Served asset /pagination.css - 304 Not Modified (0ms)
Served asset /zebra_datepicker.css - 304 Not Modified (2ms)
Served asset /style.css - 304 Not Modified (0ms)
Served asset /basic.css - 304 Not Modified (0ms)
Served asset /application.js - 304 Not Modified (0ms)
Served asset /jquery.min.js - 304 Not Modified (3ms)
Served asset /zebra_datepicker.js - 304 Not Modified (0ms)
Served asset /jquery.flexslider-min.js - 304 Not Modified (0ms)
Served asset /functions.js - 304 Not Modified (0ms)
Served asset /top-right-img.jpg - 304 Not Modified (4ms)
Served asset /twitter.png - 304 Not Modified (0ms)
Served asset /v-icon.png - 304 Not Modified (29ms)
Served asset /facebook.png - 304 Not Modified (0ms)
Served asset /rss.png - 304 Not Modified (0ms)
Served asset /linkedin.png - 304 Not Modified (4ms)
Served asset /top_banner.jpg - 304 Not Modified (0ms)
Served asset /jobs_title_bg.png - 200 OK (27ms)
Served asset /post_job_btn.png - 304 Not Modified (0ms)
Served asset /ad_right.jpg - 304 Not Modified (0ms)
Served asset /title_bg.png - 200 OK (1ms)
Served asset /dotted.png - 200 OK (1ms)
Served asset /calendar.png - 200 OK (15ms)
Served asset /ad_right1.jpg - 304 Not Modified (0ms)
Served asset /jquery.js - 304 Not Modified (13ms)
Served asset /jquery_ujs.js - 304 Not Modified (0ms)
Served asset /application.js - 304 Not Modified (4ms)
Served asset /layout.css - 304 Not Modified (0ms)
Served asset /reset.css - 304 Not Modified (0ms)
Served asset /style.css - 304 Not Modified (0ms)
Served asset /flexslider.css - 304 Not Modified (0ms)
Served asset /zebra_datepicker.css - 304 Not Modified (0ms)
Served asset /pagination.css - 304 Not Modified (3ms)
Served asset /basic.css - 304 Not Modified (1ms)
Served asset /jquery.min.js - 304 Not Modified (0ms)
Served asset /jquery.flexslider-min.js - 304 Not Modified (0ms)
Served asset /zebra_datepicker.js - 304 Not Modified (0ms)
Served asset /functions.js - 304 Not Modified (0ms)
Served asset /jquery.simplemodal.js - 304 Not Modified (2ms)
Served asset /basic.js - 304 Not Modified (0ms)
Served asset /jquery-1.3.2.js - 304 Not Modified (0ms)
Served asset /jquery.paginate.js - 304 Not Modified (2ms)
Served asset /top-right-img.jpg - 304 Not Modified (9ms)
Served asset /twitter.png - 304 Not Modified (0ms)
Served asset /facebook.png - 304 Not Modified (0ms)
Served asset /linkedin.png - 304 Not Modified (0ms)
Served asset /v-icon.png - 304 Not Modified (0ms)
Served asset /rss.png - 304 Not Modified (41ms)
Served asset /top_banner.jpg - 304 Not Modified (0ms)
Served asset /x.png - 304 Not Modified (0ms)
Served asset /find_job.png - 304 Not Modified (0ms)
Served asset /post_job_btn.png - 304 Not Modified (0ms)
Served asset /ad_right.jpg - 304 Not Modified (0ms)
Served asset /ad_right1.jpg - 304 Not Modified (0ms)
Served asset /reset.css - 304 Not Modified (6ms)
Served asset /style.css - 304 Not Modified (0ms)
Served asset /flexslider.css - 304 Not Modified (0ms)
Served asset /zebra_datepicker.css - 304 Not Modified (0ms)
Served asset /pagination.css - 304 Not Modified (0ms)
Served asset /layout.css - 304 Not Modified (4ms)
Served asset /basic.css - 304 Not Modified (1ms)
Served asset /jquery_ujs.js - 304 Not Modified (0ms)
Served asset /application.js - 304 Not Modified (0ms)
Served asset /jquery.js - 304 Not Modified (3ms)
Served asset /jquery.min.js - 304 Not Modified (0ms)
Served asset /jquery.flexslider-min.js - 304 Not Modified (0ms)
Served asset /functions.js - 304 Not Modified (0ms)
Served asset /zebra_datepicker.js - 304 Not Modified (0ms)
Served asset /top-right-img.jpg - 304 Not Modified (0ms)
Served asset /facebook.png - 304 Not Modified (4ms)
Served asset /twitter.png - 304 Not Modified (3ms)
Served asset /v-icon.png - 304 Not Modified (0ms)
Served asset /linkedin.png - 304 Not Modified (2ms)
Served asset /top_banner.jpg - 304 Not Modified (0ms)
Served asset /rss.png - 304 Not Modified (0ms)
Served asset /banner1.jpg - 304 Not Modified (2ms)
Served asset /banner3.jpg - 304 Not Modified (0ms)
Served asset /banner2.jpg - 304 Not Modified (0ms)
Served asset /find_job.png - 304 Not Modified (0ms)
Served asset /ad_right.jpg - 304 Not Modified (0ms)
Served asset /post_job_btn.png - 304 Not Modified (0ms)
Served asset /bg_direction_nav.png - 304 Not Modified (0ms)
Served asset /reset.css - 304 Not Modified (5ms)
Served asset /jquery_ujs.js - 304 Not Modified (5ms)
Served asset /layout.css - 304 Not Modified (0ms)
Served asset /jquery.js - 304 Not Modified (0ms)
Served asset /application.js - 304 Not Modified (6ms)
Served asset /style.css - 304 Not Modified (0ms)
Served asset /flexslider.css - 304 Not Modified (0ms)
Served asset /zebra_datepicker.css - 304 Not Modified (1ms)
Served asset /pagination.css - 304 Not Modified (2ms)
Served asset /jquery.min.js - 304 Not Modified (7ms)
Served asset /basic.css - 304 Not Modified (0ms)
Served asset /zebra_datepicker.js - 304 Not Modified (0ms)
Served asset /jquery.flexslider-min.js - 304 Not Modified (0ms)
Served asset /functions.js - 304 Not Modified (0ms)
Served asset /top-right-img.jpg - 304 Not Modified (2ms)
Served asset /facebook.png - 304 Not Modified (2ms)
Served asset /twitter.png - 304 Not Modified (0ms)
Served asset /linkedin.png - 304 Not Modified (0ms)
Served asset /v-icon.png - 304 Not Modified (0ms)
Served asset /rss.png - 304 Not Modified (1ms)
Served asset /top_banner.jpg - 304 Not Modified (0ms)
Served asset /post_job_btn.png - 304 Not Modified (0ms)
Served asset /ad_right.jpg - 304 Not Modified (0ms)
Served asset /ad_right1.jpg - 304 Not Modified (0ms)
Served asset /reset.css - 200 OK (2ms)
Served asset /layout.css - 200 OK (0ms)
Served asset /basic.css - 304 Not Modified (4ms)
Served asset /style.css - 200 OK (0ms)
Served asset /pagination.css - 304 Not Modified (0ms)
Served asset /jquery.js - 200 OK (7ms)
Served asset /jquery.simplemodal.js - 200 OK (0ms)
Served asset /basic.js - 200 OK (40ms)
Served asset /jquery-1.3.2.js - 200 OK (2ms)
Served asset /jquery.paginate.js - 200 OK (0ms)
Served asset /top-right-img.jpg - 304 Not Modified (0ms)
Served asset /facebook.png - 304 Not Modified (0ms)
Served asset /twitter.png - 304 Not Modified (0ms)
Served asset /linkedin.png - 304 Not Modified (0ms)
Served asset /v-icon.png - 304 Not Modified (0ms)
Served asset /rss.png - 304 Not Modified (0ms)
Served asset /top_banner.jpg - 304 Not Modified (0ms)
Served asset /serifabt.woff - 304 Not Modified (0ms)
Served asset /fontscorecomggothambold.woff - 304 Not Modified (0ms)
Served asset /job-img.jpg - 200 OK (3ms)
Served asset /ad_right.jpg - 304 Not Modified (0ms)
Served asset /post_job_btn.png - 304 Not Modified (0ms)
Served asset /ad_right1.jpg - 304 Not Modified (3ms)
Served asset /body_bg.png - 304 Not Modified (5ms)
Served asset /top_bg.png - 304 Not Modified (0ms)
Served asset /nav_bg.png - 304 Not Modified (0ms)
Served asset /logo.png - 304 Not Modified (1ms)
Served asset /subscribe_bg.png - 304 Not Modified (0ms)
Served asset /separator.png - 304 Not Modified (2ms)
Served asset /down_arrow.png - 304 Not Modified (0ms)
Served asset /drop_down_bg.png - 304 Not Modified (0ms)
Served asset /search-icon.png - 304 Not Modified (0ms)
Served asset /textbox_bg.png - 304 Not Modified (0ms)
Served asset /btn_bg.jpg - 200 OK (8ms)
Served asset /footer_bg.png - 304 Not Modified (0ms)
Served asset /btn_bg_over.jpg - 200 OK (15ms)
Served asset /pagination.css - 304 Not Modified (0ms)
Served asset /twitter.png - 304 Not Modified (0ms)
Served asset /top-right-img.jpg - 304 Not Modified (0ms)
Served asset /basic.css - 304 Not Modified (0ms)
Served asset /facebook.png - 304 Not Modified (0ms)
Served asset /linkedin.png - 304 Not Modified (0ms)
Served asset /v-icon.png - 304 Not Modified (0ms)
Served asset /rss.png - 304 Not Modified (0ms)
Served asset /top_banner.jpg - 304 Not Modified (0ms)
Served asset /post_job_btn.png - 304 Not Modified (0ms)
Served asset /ad_right.jpg - 304 Not Modified (0ms)
Served asset /ad_right1.jpg - 304 Not Modified (0ms)
Served asset /jquery.js - 304 Not Modified (1ms)
Served asset /reset.css - 304 Not Modified (2ms)
Served asset /layout.css - 304 Not Modified (1ms)
Served asset /style.css - 304 Not Modified (0ms)
Served asset /flexslider.css - 304 Not Modified (0ms)
Served asset /zebra_datepicker.css - 304 Not Modified (0ms)
Served asset /pagination.css - 304 Not Modified (0ms)
Served asset /basic.css - 304 Not Modified (1ms)
Served asset /jquery_ujs.js - 304 Not Modified (0ms)
Served asset /application.js - 304 Not Modified (4ms)
Served asset /jquery.min.js - 304 Not Modified (0ms)
Served asset /jquery.flexslider-min.js - 304 Not Modified (1ms)
Served asset /zebra_datepicker.js - 304 Not Modified (0ms)
Served asset /functions.js - 304 Not Modified (0ms)
Served asset /jquery.simplemodal.js - 304 Not Modified (1ms)
Served asset /basic.js - 304 Not Modified (0ms)
Served asset /jquery-1.3.2.js - 304 Not Modified (0ms)
Served asset /jquery.paginate.js - 304 Not Modified (0ms)
Served asset /top-right-img.jpg - 304 Not Modified (0ms)
Served asset /twitter.png - 304 Not Modified (0ms)
Served asset /v-icon.png - 304 Not Modified (1ms)
Served asset /rss.png - 304 Not Modified (0ms)
Served asset /facebook.png - 304 Not Modified (3ms)
Served asset /linkedin.png - 304 Not Modified (0ms)
Served asset /top_banner.jpg - 304 Not Modified (2ms)
Served asset /x.png - 304 Not Modified (2ms)
Served asset /find_job.png - 304 Not Modified (0ms)
Served asset /post_job_btn.png - 304 Not Modified (0ms)
Served asset /ad_right.jpg - 304 Not Modified (0ms)
Served asset /ad_right1.jpg - 304 Not Modified (0ms)
Served asset /reset.css - 304 Not Modified (2ms)
Served asset /jquery.js - 304 Not Modified (0ms)
Served asset /jquery_ujs.js - 304 Not Modified (0ms)
Served asset /layout.css - 304 Not Modified (0ms)
Served asset /flexslider.css - 304 Not Modified (0ms)
Served asset /style.css - 304 Not Modified (0ms)
Served asset /zebra_datepicker.css - 304 Not Modified (6ms)
Served asset /basic.css - 304 Not Modified (2ms)
Served asset /pagination.css - 304 Not Modified (0ms)
Served asset /jquery.min.js - 304 Not Modified (3ms)
Served asset /application.js - 304 Not Modified (1ms)
Served asset /jquery.flexslider-min.js - 304 Not Modified (0ms)
Served asset /zebra_datepicker.js - 304 Not Modified (0ms)
Served asset /functions.js - 304 Not Modified (0ms)
Served asset /top-right-img.jpg - 304 Not Modified (0ms)
Served asset /facebook.png - 304 Not Modified (0ms)
Served asset /twitter.png - 304 Not Modified (0ms)
Served asset /linkedin.png - 304 Not Modified (1ms)
Served asset /v-icon.png - 304 Not Modified (0ms)
Served asset /top_banner.jpg - 304 Not Modified (2ms)
Served asset /rss.png - 304 Not Modified (0ms)
Served asset /post_job_btn.png - 304 Not Modified (0ms)
Served asset /ad_right.jpg - 304 Not Modified (0ms)
Served asset /ad_right1.jpg - 304 Not Modified (0ms)
Served asset /pagination.css - 304 Not Modified (3ms)
Served asset /basic.css - 304 Not Modified (0ms)
Served asset /facebook.png - 304 Not Modified (0ms)
Served asset /linkedin.png - 304 Not Modified (0ms)
Served asset /twitter.png - 304 Not Modified (2ms)
Served asset /top-right-img.jpg - 304 Not Modified (0ms)
Served asset /v-icon.png - 304 Not Modified (0ms)
Served asset /rss.png - 304 Not Modified (0ms)
Served asset /top_banner.jpg - 304 Not Modified (1ms)
Served asset /post_job_btn.png - 304 Not Modified (0ms)
Served asset /ad_right.jpg - 304 Not Modified (0ms)
Served asset /ad_right1.jpg - 304 Not Modified (0ms)
Served asset /reset.css - 304 Not Modified (2ms)
Served asset /style.css - 304 Not Modified (0ms)
Served asset /layout.css - 304 Not Modified (0ms)
Served asset /flexslider.css - 304 Not Modified (1ms)
Served asset /jquery.js - 304 Not Modified (0ms)
Served asset /jquery_ujs.js - 304 Not Modified (6ms)
Served asset /zebra_datepicker.css - 304 Not Modified (0ms)
Served asset /pagination.css - 304 Not Modified (0ms)
Served asset /application.js - 304 Not Modified (5ms)
Served asset /basic.css - 304 Not Modified (0ms)
Served asset /jquery.min.js - 304 Not Modified (0ms)
Served asset /jquery.flexslider-min.js - 304 Not Modified (0ms)
Served asset /zebra_datepicker.js - 304 Not Modified (0ms)
Served asset /functions.js - 304 Not Modified (0ms)
Served asset /jquery.simplemodal.js - 304 Not Modified (3ms)
Served asset /basic.js - 304 Not Modified (0ms)
Served asset /jquery-1.3.2.js - 304 Not Modified (1ms)
Served asset /jquery.paginate.js - 304 Not Modified (0ms)
Served asset /top-right-img.jpg - 304 Not Modified (4ms)
Served asset /facebook.png - 304 Not Modified (1ms)
Served asset /twitter.png - 304 Not Modified (0ms)
Served asset /v-icon.png - 304 Not Modified (2ms)
Served asset /linkedin.png - 304 Not Modified (0ms)
Served asset /rss.png - 304 Not Modified (0ms)
Served asset /top_banner.jpg - 304 Not Modified (0ms)
Served asset /x.png - 304 Not Modified (0ms)
Served asset /find_job.png - 304 Not Modified (0ms)
Served asset /post_job_btn.png - 304 Not Modified (0ms)
Served asset /ad_right1.jpg - 304 Not Modified (0ms)
Served asset /ad_right.jpg - 304 Not Modified (0ms)
